#
# There is insufficient memory for the Java Runtime Environment to continue.
# Native memory allocation (mmap) failed to map 58720256 bytes. Error detail: G1 virtual space
# Possible reasons:
#   The system is out of physical RAM or swap space
#   This process is running with CompressedOops enabled, and the Java Heap may be blocking the growth of the native heap
# Possible solutions:
#   Reduce memory load on the system
#   Increase physical memory or swap space
#   Check if swap backing store is full
#   Decrease Java heap size (-Xmx/-Xms)
#   Decrease number of Java threads
#   Decrease Java thread stack sizes (-Xss)
#   Set larger code cache with -XX:ReservedCodeCacheSize=
#   JVM is running with Unscaled Compressed Oops mode in which the Java heap is
#     placed in the first 4GB address space. The Java Heap base address is the
#     maximum limit for the native heap growth. Please use -XX:HeapBaseMinAddress
#     to set the Java Heap base and to place the Java Heap above 4GB virtual address.
# This output file may be truncated or incomplete.
#
#  Out of Memory Error (os_windows.cpp:3631), pid=18528, tid=21160
#
# JRE version:  (22.0.2+9) (build )
# Java VM: OpenJDK 64-Bit Server VM (22.0.2+9, mixed mode, sharing, tiered, compressed oops, compressed class ptrs, g1 gc, windows-amd64)
# No core dump will be written. Minidumps are not enabled by default on client versions of Windows
#

---------------  S U M M A R Y ------------

Command Line: -Dfile.encoding=UTF-8 -Dstdout.encoding=UTF-8 -Dstderr.encoding=UTF-8 --module-path=C:\Users\sathish\eclipse-workspace\StudentManagment\bin;C:\Users\sathish\Downloads\mysql-connector-j-9.0.0\mysql-connector-j-9.0.0\mysql-connector-j-9.0.0.jar -XX:+ShowCodeDetailsInExceptionMessages -Djdk.module.main=StudentManagment StudentManagment/StudentData.Student

Host: AMD Ryzen 3 3300U with Radeon Vega Mobile Gfx  , 4 cores, 3G,  Windows 11 , 64 bit Build 22621 (10.0.22621.3085)
Time: Wed Aug 21 22:08:31 2024 India Standard Time elapsed time: 0.355334 seconds (0d 0h 0m 0s)

---------------  T H R E A D  ---------------

Current thread (0x000001b20818cb10):  JavaThread "Unknown thread" [_thread_in_vm, id=21160, stack(0x00000059deb00000,0x00000059dec00000) (1024K)]

Stack: [0x00000059deb00000,0x00000059dec00000]
Native frames: (J=compiled Java code, j=interpreted, Vv=VM code, C=native code)
V  [jvm.dll+0x6ea6a9]  (no source info available)
V  [jvm.dll+0x8cdbf3]  (no source info available)
V  [jvm.dll+0x8d001e]  (no source info available)
V  [jvm.dll+0x8d06f3]  (no source info available)
V  [jvm.dll+0x286dc6]  (no source info available)
V  [jvm.dll+0x6e6d35]  (no source info available)
V  [jvm.dll+0x6db9ba]  (no source info available)
V  [jvm.dll+0x36037a]  (no source info available)
V  [jvm.dll+0x368846]  (no source info available)
V  [jvm.dll+0x3ba7be]  (no source info available)
V  [jvm.dll+0x3baa68]  (no source info available)
V  [jvm.dll+0x333d1c]  (no source info available)
V  [jvm.dll+0x334988]  (no source info available)
V  [jvm.dll+0x895adc]  (no source info available)
V  [jvm.dll+0x3c78a1]  (no source info available)
V  [jvm.dll+0x87e75c]  (no source info available)
V  [jvm.dll+0x4612ae]  (no source info available)
V  [jvm.dll+0x4630c1]  (no source info available)
C  [jli.dll+0x5278]  (no source info available)
C  [ucrtbase.dll+0x29363]  (no source info available)
C  [KERNEL32.DLL+0x1257d]  (no source info available)
C  [ntdll.dll+0x5aa58]  (no source info available)


---------------  P R O C E S S  ---------------

Threads class SMR info:
_java_thread_list=0x00007ff83d21d688, length=0, elements={
}

Java Threads: ( => current thread )
Total: 0

Other Threads:
  0x000001b20a4419e0 WorkerThread "GC Thread#0"                     [id=13452, stack(0x00000059dec00000,0x00000059ded00000) (1024K)]
  0x000001b20a449850 ConcurrentGCThread "G1 Main Marker"            [id=22264, stack(0x00000059ded00000,0x00000059dee00000) (1024K)]
  0x000001b20a44b600 WorkerThread "G1 Conc#0"                       [id=19136, stack(0x00000059dee00000,0x00000059def00000) (1024K)]

[error occurred during error reporting (printing all threads), id 0xc0000005, EXCEPTION_ACCESS_VIOLATION (0xc0000005) at pc=0x00007ff83c906cd7]
VM state: not at safepoint (not fully initialized)

VM Mutex/Monitor currently owned by a thread:  ([mutex/lock_event])
[0x00007ff83d2a1080] Heap_lock - owner thread: 0x000001b20818cb10

Heap address: 0x00000000c8c00000, size: 884 MB, Compressed Oops mode: 32-bit

CDS archive(s) mapped at: [0x0000000000000000-0x0000000000000000-0x0000000000000000), size 0, SharedBaseAddress: 0x0000000800000000, ArchiveRelocationMode: 1.
Narrow klass base: 0x0000000000000000, Narrow klass shift: 0, Narrow klass range: 0x0

GC Precious Log:
 CardTable entry size: 512
 Card Set container configuration: InlinePtr #cards 5 size 8 Array Of Cards #cards 12 size 40 Howl #buckets 4 coarsen threshold 1843 Howl Bitmap #cards 512 size 80 coarsen threshold 460 Card regions per heap region 1 cards per card region 2048

Heap:
 garbage-first heap   total reserved 905216K, committed 0K, used 0K [0x00000000c8c00000, 0x0000000100000000)
  region size 1024K, 0 young (0K), 0 survivors (0K)

[error occurred during error reporting (printing heap information), id 0xc0000005, EXCEPTION_ACCESS_VIOLATION (0xc0000005) at pc=0x00007ff83cd07269]
GC Heap History (0 events):
No events

Dll operation events (1 events):
Event: 0.093 Loaded shared library C:\Users\sathish\.p2\pool\plugins\org.eclipse.justj.openjdk.hotspot.jre.full.win32.x86_64_22.0.2.v20240802-1626\jre\bin\java.dll

Deoptimization events (0 events):
No events

Classes loaded (0 events):
No events

Classes unloaded (0 events):
No events

Classes redefined (0 events):
No events

Internal exceptions (0 events):
No events

ZGC Phase Switch (0 events):
No events

VM Operations (0 events):
No events

Memory protections (0 events):
No events

Nmethod flushes (0 events):
No events

Events (0 events):
No events


Dynamic libraries:
0x00007ff661650000 - 0x00007ff66165e000 	C:\Users\sathish\.p2\pool\plugins\org.eclipse.justj.openjdk.hotspot.jre.full.win32.x86_64_22.0.2.v20240802-1626\jre\bin\javaw.exe
0x00007ff884a70000 - 0x00007ff884c87000 	C:\WINDOWS\SYSTEM32\ntdll.dll
0x00007ff883610000 - 0x00007ff8836d4000 	C:\WINDOWS\System32\KERNEL32.DLL
0x00007ff881f90000 - 0x00007ff882336000 	C:\WINDOWS\System32\KERNELBASE.dll
0x00007ff882550000 - 0x00007ff882661000 	C:\WINDOWS\System32\ucrtbase.dll
0x00007ff87c650000 - 0x00007ff87c667000 	C:\Users\sathish\.p2\pool\plugins\org.eclipse.justj.openjdk.hotspot.jre.full.win32.x86_64_22.0.2.v20240802-1626\jre\bin\jli.dll
0x00007ff86dc90000 - 0x00007ff86dcab000 	C:\Users\sathish\.p2\pool\plugins\org.eclipse.justj.openjdk.hotspot.jre.full.win32.x86_64_22.0.2.v20240802-1626\jre\bin\VCRUNTIME140.dll
0x00007ff8833a0000 - 0x00007ff88354e000 	C:\WINDOWS\System32\USER32.dll
0x00007ff882670000 - 0x00007ff882696000 	C:\WINDOWS\System32\win32u.dll
0x00007ff884a00000 - 0x00007ff884a29000 	C:\WINDOWS\System32\GDI32.dll
0x00007ff864e80000 - 0x00007ff865113000 	C:\WINDOWS\WinSxS\amd64_microsoft.windows.common-controls_6595b64144ccf1df_6.0.22621.2506_none_270c5ae97388e100\COMCTL32.dll
0x00007ff8826a0000 - 0x00007ff8827b8000 	C:\WINDOWS\System32\gdi32full.dll
0x00007ff882e60000 - 0x00007ff882f07000 	C:\WINDOWS\System32\msvcrt.dll
0x00007ff882340000 - 0x00007ff8823da000 	C:\WINDOWS\System32\msvcp_win.dll
0x00007ff883230000 - 0x00007ff883261000 	C:\WINDOWS\System32\IMM32.DLL
0x00007ff87c5f0000 - 0x00007ff87c5fc000 	C:\Users\sathish\.p2\pool\plugins\org.eclipse.justj.openjdk.hotspot.jre.full.win32.x86_64_22.0.2.v20240802-1626\jre\bin\vcruntime140_1.dll
0x00007ff856380000 - 0x00007ff85640e000 	C:\Users\sathish\.p2\pool\plugins\org.eclipse.justj.openjdk.hotspot.jre.full.win32.x86_64_22.0.2.v20240802-1626\jre\bin\msvcp140.dll
0x00007ff83c5c0000 - 0x00007ff83d383000 	C:\Users\sathish\.p2\pool\plugins\org.eclipse.justj.openjdk.hotspot.jre.full.win32.x86_64_22.0.2.v20240802-1626\jre\bin\server\jvm.dll
0x00007ff883550000 - 0x00007ff883603000 	C:\WINDOWS\System32\ADVAPI32.dll
0x00007ff883180000 - 0x00007ff883228000 	C:\WINDOWS\System32\sechost.dll
0x00007ff881db0000 - 0x00007ff881dd8000 	C:\WINDOWS\System32\bcrypt.dll
0x00007ff8836e0000 - 0x00007ff8837f7000 	C:\WINDOWS\System32\RPCRT4.dll
0x00007ff882de0000 - 0x00007ff882e51000 	C:\WINDOWS\System32\WS2_32.dll
0x00007ff881c80000 - 0x00007ff881ccd000 	C:\WINDOWS\SYSTEM32\POWRPROF.dll
0x00007ff87bd70000 - 0x00007ff87bda4000 	C:\WINDOWS\SYSTEM32\WINMM.dll
0x00007ff87c290000 - 0x00007ff87c29a000 	C:\WINDOWS\SYSTEM32\VERSION.dll
0x00007ff881c60000 - 0x00007ff881c73000 	C:\WINDOWS\SYSTEM32\UMPDC.dll
0x00007ff880df0000 - 0x00007ff880e08000 	C:\WINDOWS\SYSTEM32\kernel.appcore.dll
0x00007ff8772e0000 - 0x00007ff8772ea000 	C:\Users\sathish\.p2\pool\plugins\org.eclipse.justj.openjdk.hotspot.jre.full.win32.x86_64_22.0.2.v20240802-1626\jre\bin\jimage.dll
0x00007ff87a970000 - 0x00007ff87aba3000 	C:\WINDOWS\SYSTEM32\DBGHELP.DLL
0x00007ff884580000 - 0x00007ff884909000 	C:\WINDOWS\System32\combase.dll
0x00007ff883290000 - 0x00007ff883367000 	C:\WINDOWS\System32\OLEAUT32.dll
0x00007ff87a930000 - 0x00007ff87a962000 	C:\WINDOWS\SYSTEM32\dbgcore.DLL
0x00007ff881de0000 - 0x00007ff881e5a000 	C:\WINDOWS\System32\bcryptPrimitives.dll
0x00007ff8629e0000 - 0x00007ff8629fe000 	C:\Users\sathish\.p2\pool\plugins\org.eclipse.justj.openjdk.hotspot.jre.full.win32.x86_64_22.0.2.v20240802-1626\jre\bin\java.dll
0x00007ff883b70000 - 0x00007ff8843cb000 	C:\WINDOWS\System32\SHELL32.dll
0x00007ff8843e0000 - 0x00007ff884580000 	C:\WINDOWS\System32\ole32.dll

dbghelp: loaded successfully - version: 4.0.5 - missing functions: none
symbol engine: initialized successfully - sym options: 0x614 - pdb path: .;C:\Users\sathish\.p2\pool\plugins\org.eclipse.justj.openjdk.hotspot.jre.full.win32.x86_64_22.0.2.v20240802-1626\jre\bin;C:\WINDOWS\SYSTEM32;C:\WINDOWS\WinSxS\amd64_microsoft.windows.common-controls_6595b64144ccf1df_6.0.22621.2506_none_270c5ae97388e100;C:\Users\sathish\.p2\pool\plugins\org.eclipse.justj.openjdk.hotspot.jre.full.win32.x86_64_22.0.2.v20240802-1626\jre\bin\server

VM Arguments:
jvm_args: -Dfile.encoding=UTF-8 -Dstdout.encoding=UTF-8 -Dstderr.encoding=UTF-8 --module-path=C:\Users\sathish\eclipse-workspace\StudentManagment\bin;C:\Users\sathish\Downloads\mysql-connector-j-9.0.0\mysql-connector-j-9.0.0\mysql-connector-j-9.0.0.jar -XX:+ShowCodeDetailsInExceptionMessages -Djdk.module.main=StudentManagment 
java_command: StudentManagment/StudentData.Student
java_class_path (initial): <not set>
Launcher Type: SUN_STANDARD

[Global flags]
     intx CICompilerCount                          = 3                                         {product} {ergonomic}
     uint ConcGCThreads                            = 1                                         {product} {ergonomic}
     uint G1ConcRefinementThreads                  = 4                                         {product} {ergonomic}
   size_t G1HeapRegionSize                         = 1048576                                   {product} {ergonomic}
   size_t InitialHeapSize                          = 58720256                                  {product} {ergonomic}
   size_t MarkStackSize                            = 4194304                                   {product} {ergonomic}
   size_t MaxHeapSize                              = 926941184                                 {product} {ergonomic}
   size_t MinHeapDeltaBytes                        = 1048576                                   {product} {ergonomic}
   size_t MinHeapSize                              = 8388608                                   {product} {ergonomic}
    uintx NonNMethodCodeHeapSize                   = 5832780                                {pd product} {ergonomic}
    uintx NonProfiledCodeHeapSize                  = 122912730                              {pd product} {ergonomic}
    uintx ProfiledCodeHeapSize                     = 122912730                              {pd product} {ergonomic}
    uintx ReservedCodeCacheSize                    = 251658240                              {pd product} {ergonomic}
     bool SegmentedCodeCache                       = true                                      {product} {ergonomic}
     bool ShowCodeDetailsInExceptionMessages       = true                                   {manageable} {command line}
   size_t SoftMaxHeapSize                          = 926941184                              {manageable} {ergonomic}
     bool UseCompressedOops                        = true                           {product lp64_product} {ergonomic}
     bool UseG1GC                                  = true                                      {product} {ergonomic}
     bool UseLargePagesIndividualAllocation        = false                                  {pd product} {ergonomic}

Logging:
Log output configuration:
 #0: stdout all=warning uptime,level,tags foldmultilines=false
 #1: stderr all=off uptime,level,tags foldmultilines=false

Environment Variables:
PATH=C:/Users/sathish/.p2/pool/plugins/org.eclipse.justj.openjdk.hotspot.jre.full.win32.x86_64_22.0.2.v20240802-1626/jre/bin/server;C:/Users/sathish/.p2/pool/plugins/org.eclipse.justj.openjdk.hotspot.jre.full.win32.x86_64_22.0.2.v20240802-1626/jre/bin;C:\Program Files (x86)\Common Files\Oracle\Java\javapath;C:\WINDOWS\system32;C:\WINDOWS;C:\WINDOWS\System32\Wbem;C:\WINDOWS\System32\WindowsPowerShell\v1.0\;C:\WINDOWS\System32\OpenSSH\;C:\Program Files\Java\jdk1.8.0_202\bin;C:\Program Files\Git\cmd;C:\Program Files\HP\HP One Agent;C:\Users\sathish\AppData\Roaming\nvm;C:\Program Files\nodejs;C:\Program Files\Java\jdk1.8.0_202\jre\lib\ext;C:\Program Files\MySQL\MySQL Server 8.0\bin\mysql -u root -p;C:\Program Files\MySQL\MySQL Shell 8.0\bin\;C:\Users\sathish\AppData\Local\Microsoft\WindowsApps;C:\Users\sathish\AppData\Roaming\npm;C:\Users\sathish\AppData\Roaming\nvm;C:\Program Files\nodejs;C:\Users\sathish\Desktop;
USERNAME=sathish
OS=Windows_NT
PROCESSOR_IDENTIFIER=AMD64 Family 23 Model 24 Stepping 1, AuthenticAMD
TMP=C:\Users\sathish\AppData\Local\Temp
TEMP=C:\Users\sathish\AppData\Local\Temp




Periodic native trim disabled

---------------  S Y S T E M  ---------------

OS:
 Windows 11 , 64 bit Build 22621 (10.0.22621.3085)
OS uptime: 0 days 13:10 hours

CPU: total 4 (initial active 4) (4 cores per cpu, 1 threads per core) family 23 model 24 stepping 1 microcode 0x0, cx8, cmov, fxsr, mmx, 3dnowpref, sse, sse2, sse3, ssse3, sse4a, sse4.1, sse4.2, popcnt, lzcnt, tsc, tscinvbit, avx, avx2, aes, clmul, bmi1, bmi2, adx, sha, fma, vzeroupper, clflush, clflushopt, rdtscp, f16c
Processor Information for all 4 processors :
  Max Mhz: 2100, Current Mhz: 1400, Mhz Limit: 2100

Memory: 4k page, system-wide physical 3530M (273M free)
TotalPageFile size 14282M (AvailPageFile size 8M)
current process WorkingSet (physical memory assigned to process): 11M, peak: 11M
current process commit charge ("private bytes"): 51M, peak: 107M

vm_info: OpenJDK 64-Bit Server VM (22.0.2+9) for windows-amd64 JRE (22.0.2+9), built on 2024-07-16T00:00:00Z by "admin" with MS VC++ 17.7 (VS2022)

END.
